c:\users\yasersyed\desktop\project4_v_7\project4\codeanalyzer\debug\codeanalyzer.pdb
c:\users\yasersyed\desktop\project4_v_7\project4\codeanalyzer\debug\codeanalyzer.idb
c:\users\yasersyed\desktop\project4_v_7\project4\codeanalyzer\debug\abstrsyntree.obj
c:\users\yasersyed\desktop\project4_v_7\project4\codeanalyzer\debug\actionsandrules.obj
c:\users\yasersyed\desktop\project4_v_7\project4\codeanalyzer\debug\configureparser.obj
c:\users\yasersyed\desktop\project4_v_7\project4\codeanalyzer\debug\executive.obj
c:\users\yasersyed\desktop\project4_v_7\project4\codeanalyzer\debug\filemgr.obj
c:\users\yasersyed\desktop\project4_v_7\project4\codeanalyzer\debug\filesystem.obj
c:\users\yasersyed\desktop\project4_v_7\project4\codeanalyzer\debug\grammarhelpers.obj
c:\users\yasersyed\desktop\project4_v_7\project4\codeanalyzer\debug\logger.obj
c:\users\yasersyed\desktop\project4_v_7\project4\codeanalyzer\debug\parser.obj
c:\users\yasersyed\desktop\project4_v_7\project4\codeanalyzer\debug\scopestack.obj
c:\users\yasersyed\desktop\project4_v_7\project4\codeanalyzer\debug\semiexp.obj
c:\users\yasersyed\desktop\project4_v_7\project4\codeanalyzer\debug\tokenizer.obj
c:\users\yasersyed\desktop\project4_v_7\project4\codeanalyzer\debug\utilities.obj
c:\users\yasersyed\desktop\project4_v_7\project4\debug\codeanalyzer.lib
c:\users\yasersyed\desktop\project4_v_7\project4\debug\codeanalyzer.pdb
c:\users\yasersyed\desktop\project4_v_7\project4\codeanalyzer\debug\codeanalyzer.tlog\cl.command.1.tlog
c:\users\yasersyed\desktop\project4_v_7\project4\codeanalyzer\debug\codeanalyzer.tlog\cl.read.1.tlog
c:\users\yasersyed\desktop\project4_v_7\project4\codeanalyzer\debug\codeanalyzer.tlog\cl.write.1.tlog
c:\users\yasersyed\desktop\project4_v_7\project4\codeanalyzer\debug\codeanalyzer.tlog\lib-link.read.1.tlog
c:\users\yasersyed\desktop\project4_v_7\project4\codeanalyzer\debug\codeanalyzer.tlog\lib-link.write.1.tlog
c:\users\yasersyed\desktop\project4_v_7\project4\codeanalyzer\debug\codeanalyzer.tlog\lib.command.1.tlog
